<?xml version="1.0" encoding="UTF-8"?>
<testsuite name="Day1Test" tests="1" skipped="0" failures="0" errors="0" timestamp="2022-12-01T21:59:49" hostname="MacBook-Pro-13" time="0.026">
  <properties/>
  <testcase name="test()" classname="Day1Test" time="0.026"/>
  <system-out><![CDATA[]]></system-out>
  <system-err><![CDATA[]]></system-err>
</testsuite>
